Using pre-set license
Built from '2022.3/staging' branch; Version is '2022.3.56f1 (dd0c98481d00) revision 14486680'; Using compiler version '192829333'; Build Type 'Release'
OS: 'Windows 10  (10.0.19045) 64bit Core' Language: 'zh' Physical Memory: 16222 MB
BatchMode: 1, IsHumanControllingUs: 0, StartBugReporterOnCrash: 0, Is64bit: 1, IsPro: 1

COMMAND LINE ARGUMENTS:
C:\Program Files\Unity\Hub\Editor\2022.3.56f1\Editor\Unity.exe
-adb2
-batchMode
-noUpm
-name
AssetImportWorker0
-projectPath
C:/Users/as299/Documents/GitHub/info-sys-and-proj-methodologies-II-project-bohao/fps
-logFile
Logs/AssetImportWorker0.log
-srvPort
50020
Successfully changed project path to: C:/Users/as299/Documents/GitHub/info-sys-and-proj-methodologies-II-project-bohao/fps
C:/Users/as299/Documents/GitHub/info-sys-and-proj-methodologies-II-project-bohao/fps
[UnityMemory] Configuration Parameters - Can be set up in boot.config
    "memorysetup-bucket-allocator-granularity=16"
    "memorysetup-bucket-allocator-bucket-count=8"
    "memorysetup-bucket-allocator-block-size=33554432"
    "memorysetup-bucket-allocator-block-count=8"
    "memorysetup-main-allocator-block-size=16777216"
    "memorysetup-thread-allocator-block-size=16777216"
    "memorysetup-gfx-main-allocator-block-size=16777216"
    "memorysetup-gfx-thread-allocator-block-size=16777216"
    "memorysetup-cache-allocator-block-size=4194304"
    "memorysetup-typetree-allocator-block-size=2097152"
    "memorysetup-profiler-bucket-allocator-granularity=16"
    "memorysetup-profiler-bucket-allocator-bucket-count=8"
    "memorysetup-profiler-bucket-allocator-block-size=33554432"
    "memorysetup-profiler-bucket-allocator-block-count=8"
    "memorysetup-profiler-allocator-block-size=16777216"
    "memorysetup-profiler-editor-allocator-block-size=1048576"
    "memorysetup-temp-allocator-size-main=16777216"
    "memorysetup-job-temp-allocator-block-size=2097152"
    "memorysetup-job-temp-allocator-block-size-background=1048576"
    "memorysetup-job-temp-allocator-reduction-small-platforms=262144"
    "memorysetup-allocator-temp-initial-block-size-main=262144"
    "memorysetup-allocator-temp-initial-block-size-worker=262144"
    "memorysetup-temp-allocator-size-background-worker=32768"
    "memorysetup-temp-allocator-size-job-worker=262144"
    "memorysetup-temp-allocator-size-preload-manager=33554432"
    "memorysetup-temp-allocator-size-nav-mesh-worker=65536"
    "memorysetup-temp-allocator-size-audio-worker=65536"
    "memorysetup-temp-allocator-size-cloud-worker=32768"
    "memorysetup-temp-allocator-size-gi-baking-worker=262144"
    "memorysetup-temp-allocator-size-gfx=262144"
Player connection [16276]  Target information:

Player connection [16276]  * "[IP] 192.168.1.246 [Port] 0 [Flags] 2 [Guid] 249972374 [EditorId] 249972374 [Version] 1048832 [Id] WindowsEditor(7,LAPTOP-6P4925CM) [Debug] 1 [PackageName] WindowsEditor [ProjectName] Editor" 

Player connection [16276] Host joined multi-casting on [225.0.0.222:54997]...
Player connection [16276] Host joined alternative multi-casting on [225.0.0.222:34997]...
Input System module state changed to: Initialized.
[PhysX] Initialized MultithreadedTaskDispatcher with 12 workers.
Refreshing native plugins compatible for Editor in 122.94 ms, found 3 plugins.
Preloading 0 native plugins for Editor in 0.00 ms.
Initialize engine version: 2022.3.56f1 (dd0c98481d00)
[Subsystems] Discovering subsystems at path C:/Program Files/Unity/Hub/Editor/2022.3.56f1/Editor/Data/Resources/UnitySubsystems
[Subsystems] Discovering subsystems at path C:/Users/as299/Documents/GitHub/info-sys-and-proj-methodologies-II-project-bohao/fps/Assets
GfxDevice: creating device client; threaded=0; jobified=0
Direct3D:
    Version:  Direct3D 11.0 [level 11.1]
    Renderer: NVIDIA GeForce RTX 2060 (ID=0x1f15)
    Vendor:   NVIDIA
    VRAM:     5955 MB
    Driver:   32.0.15.6119
Shader 'WFX/Transparent Diffuse': fallback shader 'Particles/Alpha Blended' not found
Shader 'WFX/Transparent Specular': fallback shader 'Particles/Alpha Blended' not found
Initialize mono
Mono path[0] = 'C:/Program Files/Unity/Hub/Editor/2022.3.56f1/Editor/Data/Managed'
Mono path[1] = 'C:/Program Files/Unity/Hub/Editor/2022.3.56f1/Editor/Data/MonoBleedingEdge/lib/mono/unityjit-win32'
Mono config path = 'C:/Program Files/Unity/Hub/Editor/2022.3.56f1/Editor/Data/MonoBleedingEdge/etc'
Using monoOptions --debugger-agent=transport=dt_socket,embedding=1,server=y,suspend=n,address=127.0.0.1:56116
Begin MonoManager ReloadAssembly
Registering precompiled unity dll's ...
Register platform support module: C:/Program Files/Unity/Hub/Editor/2022.3.56f1/Editor/Data/PlaybackEngines/WindowsStandaloneSupport/UnityEditor.WindowsStandalone.Extensions.dll
Registered in 0.013597 seconds.
- Loaded All Assemblies, in  1.160 seconds
Native extension for WindowsStandalone target not found
Mono: successfully reloaded assembly
- Finished resetting the current domain, in  0.322 seconds
Domain Reload Profiling: 1479ms
	BeginReloadAssembly (153ms)
		ExecutionOrderSort (0ms)
		DisableScriptedObjects (0ms)
		BackupInstance (0ms)
		ReleaseScriptingObjects (0ms)
		CreateAndSetChildDomain (2ms)
	RebuildCommonClasses (200ms)
	RebuildNativeTypeToScriptingClass (11ms)
	initialDomainReloadingComplete (73ms)
	LoadAllAssembliesAndSetupDomain (720ms)
		LoadAssemblies (146ms)
		RebuildTransferFunctionScriptingTraits (0ms)
		AnalyzeDomain (718ms)
			TypeCache.Refresh (716ms)
				TypeCache.ScanAssembly (377ms)
			ScanForSourceGeneratedMonoScriptInfo (0ms)
			ResolveRequiredComponents (1ms)
	FinalizeReload (322ms)
		ReleaseScriptCaches (0ms)
		RebuildScriptCaches (0ms)
		SetupLoadedEditorAssemblies (261ms)
			LogAssemblyErrors (0ms)
			InitializePlatformSupportModulesInManaged (14ms)
			SetLoadedEditorAssemblies (7ms)
			RefreshPlugins (0ms)
			BeforeProcessingInitializeOnLoad (2ms)
			ProcessInitializeOnLoadAttributes (178ms)
			ProcessInitializeOnLoadMethodAttributes (59ms)
			AfterProcessingInitializeOnLoad (0ms)
			EditorAssembliesLoaded (0ms)
		ExecutionOrderSort2 (0ms)
		AwakeInstancesAfterBackupRestoration (0ms)
========================================================================
Worker process is ready to serve import requests
Caller must complete domain reload
Begin MonoManager ReloadAssembly
- Loaded All Assemblies, in  2.427 seconds
Native extension for WindowsStandalone target not found
Mono: successfully reloaded assembly
- Finished resetting the current domain, in  0.977 seconds
Domain Reload Profiling: 3399ms
	BeginReloadAssembly (188ms)
		ExecutionOrderSort (0ms)
		DisableScriptedObjects (6ms)
		BackupInstance (0ms)
		ReleaseScriptingObjects (0ms)
		CreateAndSetChildDomain (25ms)
	RebuildCommonClasses (45ms)
	RebuildNativeTypeToScriptingClass (15ms)
	initialDomainReloadingComplete (52ms)
	LoadAllAssembliesAndSetupDomain (2122ms)
		LoadAssemblies (2017ms)
		RebuildTransferFunctionScriptingTraits (0ms)
		AnalyzeDomain (217ms)
			TypeCache.Refresh (190ms)
				TypeCache.ScanAssembly (170ms)
			ScanForSourceGeneratedMonoScriptInfo (19ms)
			ResolveRequiredComponents (7ms)
	FinalizeReload (978ms)
		ReleaseScriptCaches (0ms)
		RebuildScriptCaches (0ms)
		SetupLoadedEditorAssemblies (810ms)
			LogAssemblyErrors (0ms)
			InitializePlatformSupportModulesInManaged (8ms)
			SetLoadedEditorAssemblies (5ms)
			RefreshPlugins (0ms)
			BeforeProcessingInitializeOnLoad (82ms)
			ProcessInitializeOnLoadAttributes (680ms)
			ProcessInitializeOnLoadMethodAttributes (22ms)
			AfterProcessingInitializeOnLoad (14ms)
			EditorAssembliesLoaded (0ms)
		ExecutionOrderSort2 (0ms)
		AwakeInstancesAfterBackupRestoration (9ms)
Shader 'WFX/Transparent Specular': fallback shader 'Particles/Alpha Blended' not found
Shader 'WFX/Transparent Diffuse': fallback shader 'Particles/Alpha Blended' not found
Launched and connected shader compiler UnityShaderCompiler.exe after 0.06 seconds
Refreshing native plugins compatible for Editor in 7.14 ms, found 3 plugins.
Preloading 0 native plugins for Editor in 0.00 ms.
Unloading 3191 Unused Serialized files (Serialized files now loaded: 0)
Unloading 19 unused Assets / (55.2 KB). Loaded Objects now: 3674.
Memory consumption went from 147.0 MB to 147.0 MB.
Total: 4.272000 ms (FindLiveObjects: 0.348200 ms CreateObjectMapping: 0.300300 ms MarkObjects: 3.490400 ms  DeleteObjects: 0.131900 ms)

AssetImportParameters requested are different than current active one (requested -> active):
  custom:container-demuxer-ogg: 62fdf1f143b41e24485cea50d1cbac27 -> 
  custom:video-codec-MediaFoundation-h265: 746d11721c4dcdbdad8f713fa42b33f4 -> 
  custom:video-decoder-ogg-theora: a1e56fd34408186e4bbccfd4996cb3dc -> 
  custom:framework-win-MediaFoundation: 216162199b28c13a410421893ffa2e32 -> 
  custom:CustomObjectIndexerAttribute: 9a22284fe3817be447336de3de66b15e -> 
  custom:container-demuxer-webm: 4f35f7cbe854078d1ac9338744f61a02 -> 
  custom:container-muxer-webm: aa71ff27fc2769a1b78a27578f13a17b -> 
  custom:video-decoder-webm-vp8: 9c59270c3fd7afecdb556c50c9e8de78 -> 
  custom:SearchIndexIgnoredProperties: e643bd26f0fe6173181afceb89e7c659 -> 
  custom:AudioImporter_EditorPlatform: d09bf68614088b80899f8185d706f6e7 -> 
  custom:video-encoder-webm-vp8: eb34c28f22e8b96e1ab97ce403110664 -> 
  custom:audio-decoder-ogg-vorbis: bf7c407c2cedff20999df2af8eb42d56 -> 
  custom:audio-encoder-webm-vorbis: bf7c407c2cedff20999df2af8eb42d56 -> 
========================================================================
Received Import Request.
  Time since last request: 359.077726 seconds.
  path: Assets/Scripts/New Folder
  artifactKey: Guid(f7b5c5067f19eab439d7a9eba7894b5d) Importer(815301076,1909f56bfc062723c751e8b465ee728b)
Start importing Assets/Scripts/New Folder using Guid(f7b5c5067f19eab439d7a9eba7894b5d) Importer(815301076,1909f56bfc062723c751e8b465ee728b) [PhysX] Initialized MultithreadedTaskDispatcher with 12 workers.
 -> (artifact id: '0e04abd4e03bcee4fa2f43a878c4cd7a') in 0.002461 seconds
Number of updated asset objects reloaded before import = 0
Number of asset objects unloaded after import = 0
========================================================================
Received Import Request.
  Time since last request: 6.121435 seconds.
  path: Assets/Scripts/Player_Controll.cs
  artifactKey: Guid(29cbbeb5780b5d140b64c8dfc88d6e7e) Importer(815301076,1909f56bfc062723c751e8b465ee728b)
Start importing Assets/Scripts/Player_Controll.cs using Guid(29cbbeb5780b5d140b64c8dfc88d6e7e) Importer(815301076,1909f56bfc062723c751e8b465ee728b) [PhysX] Initialized MultithreadedTaskDispatcher with 12 workers.
 -> (artifact id: 'd92aa0c57a303602fc871178ef1c8fc9') in 0.000843 seconds
Number of updated asset objects reloaded before import = 0
Number of asset objects unloaded after import = 0
========================================================================
Received Import Request.
  Time since last request: 1858.839889 seconds.
  path: Assets/Scripts/Player_Controll.cs
  artifactKey: Guid(29cbbeb5780b5d140b64c8dfc88d6e7e) Importer(815301076,1909f56bfc062723c751e8b465ee728b)
Start importing Assets/Scripts/Player_Controll.cs using Guid(29cbbeb5780b5d140b64c8dfc88d6e7e) Importer(815301076,1909f56bfc062723c751e8b465ee728b) [PhysX] Initialized MultithreadedTaskDispatcher with 12 workers.
 -> (artifact id: 'a1e8d0a984d66ccb6e26c6ee88840cd5') in 0.003860 seconds
Number of updated asset objects reloaded before import = 0
Number of asset objects unloaded after import = 0
========================================================================
Received Import Request.
  Time since last request: 228.451596 seconds.
  path: Assets/Scripts/Player_Controller.cs
  artifactKey: Guid(29cbbeb5780b5d140b64c8dfc88d6e7e) Importer(815301076,1909f56bfc062723c751e8b465ee728b)
Start importing Assets/Scripts/Player_Controller.cs using Guid(29cbbeb5780b5d140b64c8dfc88d6e7e) Importer(815301076,1909f56bfc062723c751e8b465ee728b) [PhysX] Initialized MultithreadedTaskDispatcher with 12 workers.
 -> (artifact id: '4be5e33103f7d823bf71bf8891d11ead') in 0.001144 seconds
Number of updated asset objects reloaded before import = 0
Number of asset objects unloaded after import = 0
========================================================================
Received Import Request.
  Time since last request: 10.469180 seconds.
  path: Assets/Scripts/Player_Controller.cs
  artifactKey: Guid(29cbbeb5780b5d140b64c8dfc88d6e7e) Importer(815301076,1909f56bfc062723c751e8b465ee728b)
Start importing Assets/Scripts/Player_Controller.cs using Guid(29cbbeb5780b5d140b64c8dfc88d6e7e) Importer(815301076,1909f56bfc062723c751e8b465ee728b) [PhysX] Initialized MultithreadedTaskDispatcher with 12 workers.
 -> (artifact id: 'a6e1b39944ddb462078dd8f8ea94c0cf') in 0.000916 seconds
Number of updated asset objects reloaded before import = 0
Number of asset objects unloaded after import = 0
========================================================================
Received Import Request.
  Time since last request: 85.678787 seconds.
  path: Assets/Scripts/PlayerControll.cs
  artifactKey: Guid(30630724361197f40a5e2cc1943f2af3) Importer(815301076,1909f56bfc062723c751e8b465ee728b)
Start importing Assets/Scripts/PlayerControll.cs using Guid(30630724361197f40a5e2cc1943f2af3) Importer(815301076,1909f56bfc062723c751e8b465ee728b) [PhysX] Initialized MultithreadedTaskDispatcher with 12 workers.
 -> (artifact id: '94d6ae5a47db217df46a88a2e00ab617') in 0.000805 seconds
Number of updated asset objects reloaded before import = 0
Number of asset objects unloaded after import = 0
========================================================================
Received Import Request.
  Time since last request: 211.863633 seconds.
  path: Assets/Res/JMO Assets/WarFX/Desktop/Materials/Impacts/WFX_M_Impact Smoke.mat
  artifactKey: Guid(450dd918846b28b408e044f16f827449) Importer(815301076,1909f56bfc062723c751e8b465ee728b)
Start importing Assets/Res/JMO Assets/WarFX/Desktop/Materials/Impacts/WFX_M_Impact Smoke.mat using Guid(450dd918846b28b408e044f16f827449) Importer(815301076,1909f56bfc062723c751e8b465ee728b) [PhysX] Initialized MultithreadedTaskDispatcher with 12 workers.
[PhysX] Initialized MultithreadedTaskDispatcher with 12 workers.
 -> (artifact id: '08221f438ff595158c206a61d345843e') in 0.253333 seconds
Number of updated asset objects reloaded before import = 0
Number of asset objects unloaded after import = 2
========================================================================
Received Prepare
Caller must complete domain reload
Begin MonoManager ReloadAssembly
- Loaded All Assemblies, in  0.838 seconds
Native extension for WindowsStandalone target not found
Mono: successfully reloaded assembly
- Finished resetting the current domain, in  1.666 seconds
Domain Reload Profiling: 2500ms
	BeginReloadAssembly (283ms)
		ExecutionOrderSort (0ms)
		DisableScriptedObjects (7ms)
		BackupInstance (0ms)
		ReleaseScriptingObjects (0ms)
		CreateAndSetChildDomain (88ms)
	RebuildCommonClasses (43ms)
	RebuildNativeTypeToScriptingClass (15ms)
	initialDomainReloadingComplete (42ms)
	LoadAllAssembliesAndSetupDomain (450ms)
		LoadAssemblies (556ms)
		RebuildTransferFunctionScriptingTraits (0ms)
		AnalyzeDomain (38ms)
			TypeCache.Refresh (12ms)
				TypeCache.ScanAssembly (1ms)
			ScanForSourceGeneratedMonoScriptInfo (12ms)
			ResolveRequiredComponents (12ms)
	FinalizeReload (1667ms)
		ReleaseScriptCaches (0ms)
		RebuildScriptCaches (0ms)
		SetupLoadedEditorAssemblies (728ms)
			LogAssemblyErrors (0ms)
			InitializePlatformSupportModulesInManaged (11ms)
			SetLoadedEditorAssemblies (4ms)
			RefreshPlugins (0ms)
			BeforeProcessingInitializeOnLoad (81ms)
			ProcessInitializeOnLoadAttributes (601ms)
			ProcessInitializeOnLoadMethodAttributes (19ms)
			AfterProcessingInitializeOnLoad (12ms)
			EditorAssembliesLoaded (0ms)
		ExecutionOrderSort2 (0ms)
		AwakeInstancesAfterBackupRestoration (7ms)
Shader 'WFX/Transparent Specular': fallback shader 'Particles/Alpha Blended' not found
Shader 'WFX/Transparent Diffuse': fallback shader 'Particles/Alpha Blended' not found
Refreshing native plugins compatible for Editor in 5.98 ms, found 3 plugins.
Preloading 0 native plugins for Editor in 0.00 ms.
Unloading 3166 Unused Serialized files (Serialized files now loaded: 0)
Unloading 14 unused Assets / (28.5 KB). Loaded Objects now: 3720.
Memory consumption went from 146.1 MB to 146.1 MB.
Total: 6.049200 ms (FindLiveObjects: 0.306400 ms CreateObjectMapping: 0.369300 ms MarkObjects: 5.313400 ms  DeleteObjects: 0.059000 ms)

Prepare: number of updated asset objects reloaded= 0
AssetImportParameters requested are different than current active one (requested -> active):
  custom:scripting/monoscript/fileName/Zombie_Weapon.cs: 661bcf30906d5c08fa7aa94d304b4d75 -> 
  custom:scripting/monoscript/fileName/CFX_SpawnSystem.cs: da90548e33a5ac9767c2ab325529961a -> 
  custom:scripting/monoscript/fileName/MobileInput.cs: dfa415439f330b7749adb2ef7567c3e4 -> 
  custom:scripting/monoscript/fileName/InputAxisScrollbar.cs: ce23cb16d4e46181bfcdc67e0abad940 -> 
  custom:container-demuxer-ogg: 62fdf1f143b41e24485cea50d1cbac27 -> 
  custom:scripting/monoscript/fileName/ActivateTrigger.cs: c94789aa9e8004cad1e54b531012d83a -> 
  custom:scripting/monoscript/fileName/GameManager.cs: 9933fbcc6190e2a9171c2ec8808a053e -> 
  custom:scripting/monoscript/fileName/WaypointCircuit.cs: 54e952fb6b763eca02bad0728655deb7 -> 
  custom:scripting/monoscript/fileName/ParticleSystemDestroyer.cs: e9db870dc4c33b83d7965fdc6fe482f5 -> 
  custom:scripting/monoscript/fileName/ExplosionPhysicsForce.cs: e3d1ad6abc1a34f5a9fd7c32b23969ac -> 
  custom:scripting/monoscript/fileName/CrossPlatformInputManager.cs: a6a27da3c2613aab4b889711813fe29f -> 
  custom:scripting/monoscript/fileName/DragRigidbody.cs: af6487145851a9f92f2704a8e0948d6e -> 
  custom:video-codec-MediaFoundation-h265: 746d11721c4dcdbdad8f713fa42b33f4 -> 
  custom:scripting/monoscript/fileName/SmokeParticles.cs: 5e47247cb641abf97e56ce594b12e84f -> 
  custom:video-decoder-ogg-theora: a1e56fd34408186e4bbccfd4996cb3dc -> 
  custom:framework-win-MediaFoundation: 216162199b28c13a410421893ffa2e32 -> 
  custom:scripting/monoscript/fileName/CFXEasyEditor.cs: 975509eb43d0b0d90d19d984ce47d25d -> 
  custom:scripting/monoscript/fileName/TouchPad.cs: 71af049078ebd826d8919ba90a4412d3 -> 
  custom:scripting/monoscript/fileName/WFX_Demo_RandomDir.cs: 83412d56870e7b7abf13729c1e4f5956 -> 
  custom:scripting/monoscript/fileName/TiltInput.cs: 298cab2ca5ef1ae659d7256d2dbeb1ed -> 
  custom:scripting/monoscript/fileName/CFX_Demo_RandomDir.cs: 06fce4b0d835d8793ccf8307925e464f -> 
  custom:scripting/monoscript/fileName/SmoothFollow.cs: a07fd7df12bc7fba739834867140f167 -> 
  custom:scripting/monoscript/fileName/Ball.cs: c405c7c486f8c791b69a838bad56931d -> 
  custom:scripting/monoscript/fileName/WFX_LightFlicker.cs: 1dfc4e18a67da64c518b9518e62ac4fe -> 
  custom:scripting/monoscript/fileName/ExtinguishableParticleSystem.cs: e4f67cb5c21ad9e1a057261e7518ba44 -> 
  custom:CustomObjectIndexerAttribute: 9a22284fe3817be447336de3de66b15e -> 
  custom:scripting/monoscript/fileName/DynamicShadowSettings.cs: 325596f0baf85da0d965fea14b11bb8b -> 
  custom:scripting/monoscript/fileName/CurveControlledBob.cs: 90e86216bd5f53d9fe3087ae7bf389f1 -> 
  custom:scripting/monoscript/fileName/AutoMobileShaderSwitch.cs: e55bd94d791efdfd8def29f52dc8447b -> 
  custom:scripting/monoscript/fileName/Player_Controller.cs: 4a36467596b337bc01d81cc5b98a6f63 -> 
  custom:scripting/monoscript/fileName/AlphaButtonClickMask.cs: 0e8b09d4b0d299b77424ad90e670a9d2 -> 
  custom:scripting/monoscript/fileName/CFX_SpawnSystemEditor.cs: 8ef4ed7f7ca5c207cc3108bdafbacf7e -> 
  custom:container-demuxer-webm: 4f35f7cbe854078d1ac9338744f61a02 -> 
  custom:scripting/monoscript/fileName/StandaloneInput.cs: 8cfda68f78df3b7dc3040fdb29fc2cd1 -> 
  custom:scripting/monoscript/fileName/CFX_Demo_RotateCamera.cs: 1b6c7bbcbc0a01f776aafda62612b729 -> 
  custom:scripting/monoscript/fileName/WFX_Demo_DeleteAfterDelay.cs: a8456c85d9636ec3b34432ce15771790 -> 
  custom:scripting/monoscript/fileName/FOVKick.cs: c76896347c620802192507d0a92d05a3 -> 
  custom:scripting/monoscript/fileName/TimedObjectActivator.cs: 25495e754d3d277d8e763837b64bf2ba -> 
  custom:scripting/monoscript/fileName/WaypointProgressTracker.cs: fb6262ee8f74f6dc3758b58e5ee18955 -> 
  custom:scripting/monoscript/fileName/WFX_BulletHoleDecal.cs: b2a50a5c52cc82fa50f26101cc423417 -> 
  custom:scripting/monoscript/fileName/SimpleMouseRotator.cs: 9ea47a4777a3a00316a90faf1a6f313d -> 
  custom:scripting/monoscript/fileName/PlayerControll.cs: 8b271701d78d4407a1c9a4008cc67e81 -> 
  custom:container-muxer-webm: aa71ff27fc2769a1b78a27578f13a17b -> 
  custom:scripting/monoscript/fileName/ParticleSystemMultiplier.cs: 8c5eeca5294173db54ffca6ac53ee34e -> 
  custom:scripting/monoscript/fileName/Explosive.cs: a3e9e45cef7576efad31592121584452 -> 
  custom:scripting/monoscript/fileName/WFX_Demo_Wall.cs: ebe32a1844666a18dc6e88646d62cdf3 -> 
  custom:video-decoder-webm-vp8: 9c59270c3fd7afecdb556c50c9e8de78 -> 
  custom:scripting/monoscript/fileName/CameraRefocus.cs: 2faffd18ce20d29396a11c7a26d00f0b -> 
  custom:scripting/monoscript/fileName/CFX_AutoStopLoopedEffect.cs: 0a1116784d96426e30ae544ef0d48111 -> 
  custom:SearchIndexIgnoredProperties: e643bd26f0fe6173181afceb89e7c659 -> 
  custom:scripting/monoscript/fileName/TimedObjectDestructor.cs: bce1a4bbcc9460c16af8171b93c92130 -> 
  custom:AudioImporter_EditorPlatform: d09bf68614088b80899f8185d706f6e7 -> 
  custom:scripting/monoscript/fileName/MobileControlRig.cs: 3524fff44c8126dee0548f9b6ab19d53 -> 
  custom:scripting/monoscript/fileName/ExplosionFireAndDebris.cs: a4e22a51483f0fec49be7cdf8a5ea062 -> 
  custom:scripting/monoscript/fileName/ZombieManager.cs: 6840395c8f62b2ca531e29c996705f07 -> 
  custom:scripting/monoscript/fileName/ForcedReset.cs: 5e1472355f934ab888fa0985eb71dfb5 -> 
  custom:scripting/monoscript/fileName/ZombieController.cs: 4e3006d74574eb10aedd4151d4af4ac7 -> 
  custom:scripting/monoscript/fileName/EventSystemChecker.cs: 7bccd0826881aa97be03516a055e060b -> 
  custom:scripting/monoscript/fileName/VirtualInput.cs: e290279061a851c625fb61c863776a94 -> 
  custom:scripting/monoscript/fileName/WaterHoseParticles.cs: 89cf57233bfde0071976179e25861599 -> 
  custom:scripting/monoscript/fileName/MouseLook.cs: 1413bf4c672f5aacfd2b457b6378eea6 -> 
  custom:scripting/monoscript/fileName/UI_MainPanel.cs: 20f01cf0e1ef0e8d08e2053434358042 -> 
  custom:scripting/monoscript/fileName/FPSCounter.cs: 18dc6752cae0b5546ca4b2dc0c7741f5 -> 
  custom:scripting/monoscript/fileName/LerpControlledBob.cs: e3f8ea665fb8f4533c1004d43455b6e7 -> 
  custom:scripting/monoscript/fileName/ButtonHandler.cs: e27d3f4c7505c394dad450c78dd6faf1 -> 
  custom:video-encoder-webm-vp8: eb34c28f22e8b96e1ab97ce403110664 -> 
  custom:scripting/monoscript/fileName/CFX_LightIntensityFade.cs: cdc33b13e94fac5095d515fc63c5bc75 -> 
  custom:audio-decoder-ogg-vorbis: bf7c407c2cedff20999df2af8eb42d56 -> 
  custom:scripting/monoscript/fileName/AfterburnerPhysicsForce.cs: d44e6931e774df3223b064db5fc768f4 -> 
  custom:scripting/monoscript/fileName/AxisTouchButton.cs: 31be56f36d53422fd33aa4f9a14e630a -> 
  custom:scripting/monoscript/fileName/FollowTarget.cs: 93be4c02dc2bee8af48e06a6c7c2e042 -> 
  custom:scripting/monoscript/fileName/FireLight.cs: b74a4fa8a2202d735c0c1ea18b63e4e3 -> 
  custom:scripting/monoscript/fileName/FirstPersonController.cs: 4fa5841f7a7dfdfcf291c3718c4ae3a2 -> 
  custom:scripting/monoscript/fileName/Joystick.cs: b54db918c885c01940a25acda1acd280 -> 
  custom:scripting/monoscript/fileName/WFX_Demo.cs: 16a8c51f1dc0063656a39d0352fd910f -> 
  custom:scripting/monoscript/fileName/BallUserControl.cs: 9743cadab53965ad5e73baf18187d830 -> 
  custom:scripting/monoscript/fileName/CFX_Demo_Translate.cs: c85e572516e08f311291871f16fd4e55 -> 
  custom:audio-encoder-webm-vorbis: bf7c407c2cedff20999df2af8eb42d56 -> 
  custom:scripting/monoscript/fileName/PlatformSpecificContent.cs: 5abb8e8ef7a06ce1842fe9ff26eac2dd -> 
  custom:scripting/monoscript/fileName/CFX_AutoDestructShuriken.cs: 7d622660cad3b608810f352fdbc5d485 -> 
  custom:scripting/precompiled-assembly-types:Assembly-CSharp-Editor: b678d5ae41ab98268f94df61e8b9d4e9 -> 
  custom:scripting/monoscript/fileName/AutoMoveAndRotate.cs: ca0e96f72f32239308122375a052b980 -> 
  custom:scripting/precompiled-assembly-types:Assembly-CSharp: a0ee71d9e8d8919e400c329cadd4467a -> 
  custom:scripting/monoscript/fileName/Hose.cs: c8fd2412a0d6a1fdbc6b0e572bd14e28 -> 
  custom:scripting/monoscript/fileName/ObjectResetter.cs: 037abf2de53ab0026436c32f7a941658 -> 
  custom:scripting/monoscript/fileName/WFX_Demo_New.cs: 225d44912cd20a0c8b007d7146330c83 -> 
========================================================================
Received Import Request.
  Time since last request: 472.303073 seconds.
  path: Assets/Prefabs/BulletEF_Wall.prefab
  artifactKey: Guid(2d9349b802a47cc4e8325072c26f21c5) Importer(815301076,1909f56bfc062723c751e8b465ee728b)
Start importing Assets/Prefabs/BulletEF_Wall.prefab using Guid(2d9349b802a47cc4e8325072c26f21c5) Importer(815301076,1909f56bfc062723c751e8b465ee728b) [PhysX] Initialized MultithreadedTaskDispatcher with 12 workers.
[PhysX] Initialized MultithreadedTaskDispatcher with 12 workers.
 -> (artifact id: '960108b36ef67b49a9dbf596657359ab') in 0.134352 seconds
Number of updated asset objects reloaded before import = 0
Number of asset objects unloaded after import = 27
========================================================================
Received Import Request.
  Time since last request: 0.214696 seconds.
  path: Assets/Prefabs/GameManager.prefab
  artifactKey: Guid(1c4e8006a4a929a4f91e6a306b814383) Importer(815301076,1909f56bfc062723c751e8b465ee728b)
Start importing Assets/Prefabs/GameManager.prefab using Guid(1c4e8006a4a929a4f91e6a306b814383) Importer(815301076,1909f56bfc062723c751e8b465ee728b) [PhysX] Initialized MultithreadedTaskDispatcher with 12 workers.
[PhysX] Initialized MultithreadedTaskDispatcher with 12 workers.
 -> (artifact id: 'be99e72671319eeeeeceaf98b941e96d') in 0.019129 seconds
Number of updated asset objects reloaded before import = 0
Number of asset objects unloaded after import = 37
========================================================================
Received Import Request.
  Time since last request: 0.000018 seconds.
  path: Assets/Prefabs/手枪粒子.prefab
  artifactKey: Guid(d8ad5552d15dc8743b9db7a2ade19d12) Importer(815301076,1909f56bfc062723c751e8b465ee728b)
Start importing Assets/Prefabs/手枪粒子.prefab using Guid(d8ad5552d15dc8743b9db7a2ade19d12) Importer(815301076,1909f56bfc062723c751e8b465ee728b) [PhysX] Initialized MultithreadedTaskDispatcher with 12 workers.
[PhysX] Initialized MultithreadedTaskDispatcher with 12 workers.
 -> (artifact id: '6087a291b6da4df122087e35e4643dca') in 0.069689 seconds
Number of updated asset objects reloaded before import = 0
Number of asset objects unloaded after import = 31
========================================================================
Received Import Request.
  Time since last request: 0.000019 seconds.
  path: Assets/Prefabs/PlayerController.prefab
  artifactKey: Guid(eefaeb1025baa514f910b7d09c521f77) Importer(815301076,1909f56bfc062723c751e8b465ee728b)
Start importing Assets/Prefabs/PlayerController.prefab using Guid(eefaeb1025baa514f910b7d09c521f77) Importer(815301076,1909f56bfc062723c751e8b465ee728b) [PhysX] Initialized MultithreadedTaskDispatcher with 12 workers.
 -> (artifact id: 'd7b9d0e8617b9d3644052d59689fc94b') in 0.007231 seconds
Number of updated asset objects reloaded before import = 0
Number of asset objects unloaded after import = 20
========================================================================
Received Import Request.
  Time since last request: 0.000021 seconds.
  path: Assets/Prefabs/ZombieManager.prefab
  artifactKey: Guid(7b0f5d8bf2c18f04baaf899fde53c1ef) Importer(815301076,1909f56bfc062723c751e8b465ee728b)
Start importing Assets/Prefabs/ZombieManager.prefab using Guid(7b0f5d8bf2c18f04baaf899fde53c1ef) Importer(815301076,1909f56bfc062723c751e8b465ee728b) [PhysX] Initialized MultithreadedTaskDispatcher with 12 workers.
 -> (artifact id: '10f99dd7c62db5104757a0f5d21456e7') in 0.079982 seconds
Number of updated asset objects reloaded before import = 0
Number of asset objects unloaded after import = 292
========================================================================
Received Prepare
Caller must complete domain reload
Begin MonoManager ReloadAssembly
- Loaded All Assemblies, in  0.591 seconds
Native extension for WindowsStandalone target not found
Mono: successfully reloaded assembly
- Finished resetting the current domain, in  1.346 seconds
Domain Reload Profiling: 1932ms
	BeginReloadAssembly (192ms)
		ExecutionOrderSort (0ms)
		DisableScriptedObjects (5ms)
		BackupInstance (0ms)
		ReleaseScriptingObjects (0ms)
		CreateAndSetChildDomain (41ms)
	RebuildCommonClasses (49ms)
	RebuildNativeTypeToScriptingClass (20ms)
	initialDomainReloadingComplete (40ms)
	LoadAllAssembliesAndSetupDomain (283ms)
		LoadAssemblies (378ms)
		RebuildTransferFunctionScriptingTraits (0ms)
		AnalyzeDomain (17ms)
			TypeCache.Refresh (6ms)
				TypeCache.ScanAssembly (0ms)
			ScanForSourceGeneratedMonoScriptInfo (0ms)
			ResolveRequiredComponents (9ms)
	FinalizeReload (1347ms)
		ReleaseScriptCaches (0ms)
		RebuildScriptCaches (0ms)
		SetupLoadedEditorAssemblies (772ms)
			LogAssemblyErrors (0ms)
			InitializePlatformSupportModulesInManaged (9ms)
			SetLoadedEditorAssemblies (3ms)
			RefreshPlugins (0ms)
			BeforeProcessingInitializeOnLoad (72ms)
			ProcessInitializeOnLoadAttributes (652ms)
			ProcessInitializeOnLoadMethodAttributes (22ms)
			AfterProcessingInitializeOnLoad (14ms)
			EditorAssembliesLoaded (0ms)
		ExecutionOrderSort2 (0ms)
		AwakeInstancesAfterBackupRestoration (9ms)
Shader 'WFX/Transparent Specular': fallback shader 'Particles/Alpha Blended' not found
Shader 'WFX/Transparent Diffuse': fallback shader 'Particles/Alpha Blended' not found
Refreshing native plugins compatible for Editor in 4.94 ms, found 3 plugins.
Preloading 0 native plugins for Editor in 0.00 ms.
Unloading 3166 Unused Serialized files (Serialized files now loaded: 0)
Unloading 14 unused Assets / (28.5 KB). Loaded Objects now: 3725.
Memory consumption went from 145.3 MB to 145.3 MB.
Total: 3.080800 ms (FindLiveObjects: 0.269200 ms CreateObjectMapping: 0.295700 ms MarkObjects: 2.479500 ms  DeleteObjects: 0.035400 ms)

Prepare: number of updated asset objects reloaded= 0
AssetImportParameters requested are different than current active one (requested -> active):
  custom:scripting/monoscript/fileName/Zombie_Weapon.cs: 661bcf30906d5c08fa7aa94d304b4d75 -> 
  custom:scripting/monoscript/fileName/CFX_SpawnSystem.cs: da90548e33a5ac9767c2ab325529961a -> 
  custom:scripting/monoscript/fileName/MobileInput.cs: dfa415439f330b7749adb2ef7567c3e4 -> 
  custom:scripting/monoscript/fileName/InputAxisScrollbar.cs: ce23cb16d4e46181bfcdc67e0abad940 -> 
  custom:container-demuxer-ogg: 62fdf1f143b41e24485cea50d1cbac27 -> 
  custom:scripting/monoscript/fileName/ActivateTrigger.cs: c94789aa9e8004cad1e54b531012d83a -> 
  custom:scripting/monoscript/fileName/GameManager.cs: 9933fbcc6190e2a9171c2ec8808a053e -> 
  custom:scripting/monoscript/fileName/WaypointCircuit.cs: 54e952fb6b763eca02bad0728655deb7 -> 
  custom:scripting/monoscript/fileName/ParticleSystemDestroyer.cs: e9db870dc4c33b83d7965fdc6fe482f5 -> 
  custom:scripting/monoscript/fileName/ExplosionPhysicsForce.cs: e3d1ad6abc1a34f5a9fd7c32b23969ac -> 
  custom:scripting/monoscript/fileName/CrossPlatformInputManager.cs: a6a27da3c2613aab4b889711813fe29f -> 
  custom:scripting/monoscript/fileName/DragRigidbody.cs: af6487145851a9f92f2704a8e0948d6e -> 
  custom:video-codec-MediaFoundation-h265: 746d11721c4dcdbdad8f713fa42b33f4 -> 
  custom:scripting/monoscript/fileName/SmokeParticles.cs: 5e47247cb641abf97e56ce594b12e84f -> 
  custom:video-decoder-ogg-theora: a1e56fd34408186e4bbccfd4996cb3dc -> 
  custom:framework-win-MediaFoundation: 216162199b28c13a410421893ffa2e32 -> 
  custom:scripting/monoscript/fileName/CFXEasyEditor.cs: 975509eb43d0b0d90d19d984ce47d25d -> 
  custom:scripting/monoscript/fileName/TouchPad.cs: 71af049078ebd826d8919ba90a4412d3 -> 
  custom:scripting/monoscript/fileName/WFX_Demo_RandomDir.cs: 83412d56870e7b7abf13729c1e4f5956 -> 
  custom:scripting/monoscript/fileName/TiltInput.cs: 298cab2ca5ef1ae659d7256d2dbeb1ed -> 
  custom:scripting/monoscript/fileName/CFX_Demo_RandomDir.cs: 06fce4b0d835d8793ccf8307925e464f -> 
  custom:scripting/monoscript/fileName/SmoothFollow.cs: a07fd7df12bc7fba739834867140f167 -> 
  custom:scripting/monoscript/fileName/Ball.cs: c405c7c486f8c791b69a838bad56931d -> 
  custom:scripting/monoscript/fileName/WFX_LightFlicker.cs: 1dfc4e18a67da64c518b9518e62ac4fe -> 
  custom:scripting/monoscript/fileName/ExtinguishableParticleSystem.cs: e4f67cb5c21ad9e1a057261e7518ba44 -> 
  custom:CustomObjectIndexerAttribute: 9a22284fe3817be447336de3de66b15e -> 
  custom:scripting/monoscript/fileName/DynamicShadowSettings.cs: 325596f0baf85da0d965fea14b11bb8b -> 
  custom:scripting/monoscript/fileName/CurveControlledBob.cs: 90e86216bd5f53d9fe3087ae7bf389f1 -> 
  custom:scripting/monoscript/fileName/AutoMobileShaderSwitch.cs: e55bd94d791efdfd8def29f52dc8447b -> 
  custom:scripting/monoscript/fileName/Player_Controller.cs: 4a36467596b337bc01d81cc5b98a6f63 -> 
  custom:scripting/monoscript/fileName/AlphaButtonClickMask.cs: 0e8b09d4b0d299b77424ad90e670a9d2 -> 
  custom:scripting/monoscript/fileName/CFX_SpawnSystemEditor.cs: 8ef4ed7f7ca5c207cc3108bdafbacf7e -> 
  custom:container-demuxer-webm: 4f35f7cbe854078d1ac9338744f61a02 -> 
  custom:scripting/monoscript/fileName/StandaloneInput.cs: 8cfda68f78df3b7dc3040fdb29fc2cd1 -> 
  custom:scripting/monoscript/fileName/CFX_Demo_RotateCamera.cs: 1b6c7bbcbc0a01f776aafda62612b729 -> 
  custom:scripting/monoscript/fileName/WFX_Demo_DeleteAfterDelay.cs: a8456c85d9636ec3b34432ce15771790 -> 
  custom:scripting/monoscript/fileName/FOVKick.cs: c76896347c620802192507d0a92d05a3 -> 
  custom:scripting/monoscript/fileName/TimedObjectActivator.cs: 25495e754d3d277d8e763837b64bf2ba -> 
  custom:scripting/monoscript/fileName/WaypointProgressTracker.cs: fb6262ee8f74f6dc3758b58e5ee18955 -> 
  custom:scripting/monoscript/fileName/WFX_BulletHoleDecal.cs: b2a50a5c52cc82fa50f26101cc423417 -> 
  custom:scripting/monoscript/fileName/SimpleMouseRotator.cs: 9ea47a4777a3a00316a90faf1a6f313d -> 
  custom:scripting/monoscript/fileName/PlayerControll.cs: 8b271701d78d4407a1c9a4008cc67e81 -> 
  custom:container-muxer-webm: aa71ff27fc2769a1b78a27578f13a17b -> 
  custom:scripting/monoscript/fileName/ParticleSystemMultiplier.cs: 8c5eeca5294173db54ffca6ac53ee34e -> 
  custom:scripting/monoscript/fileName/Explosive.cs: a3e9e45cef7576efad31592121584452 -> 
  custom:scripting/monoscript/fileName/WFX_Demo_Wall.cs: ebe32a1844666a18dc6e88646d62cdf3 -> 
  custom:video-decoder-webm-vp8: 9c59270c3fd7afecdb556c50c9e8de78 -> 
  custom:scripting/monoscript/fileName/CameraRefocus.cs: 2faffd18ce20d29396a11c7a26d00f0b -> 
  custom:scripting/monoscript/fileName/CFX_AutoStopLoopedEffect.cs: 0a1116784d96426e30ae544ef0d48111 -> 
  custom:SearchIndexIgnoredProperties: e643bd26f0fe6173181afceb89e7c659 -> 
  custom:scripting/monoscript/fileName/TimedObjectDestructor.cs: bce1a4bbcc9460c16af8171b93c92130 -> 
  custom:AudioImporter_EditorPlatform: d09bf68614088b80899f8185d706f6e7 -> 
  custom:scripting/monoscript/fileName/MobileControlRig.cs: 3524fff44c8126dee0548f9b6ab19d53 -> 
  custom:scripting/monoscript/fileName/ExplosionFireAndDebris.cs: a4e22a51483f0fec49be7cdf8a5ea062 -> 
  custom:scripting/monoscript/fileName/ZombieManager.cs: 6840395c8f62b2ca531e29c996705f07 -> 
  custom:scripting/monoscript/fileName/ForcedReset.cs: 5e1472355f934ab888fa0985eb71dfb5 -> 
  custom:scripting/monoscript/fileName/ZombieController.cs: 4e3006d74574eb10aedd4151d4af4ac7 -> 
  custom:scripting/monoscript/fileName/EventSystemChecker.cs: 7bccd0826881aa97be03516a055e060b -> 
  custom:scripting/monoscript/fileName/VirtualInput.cs: e290279061a851c625fb61c863776a94 -> 
  custom:scripting/monoscript/fileName/WaterHoseParticles.cs: 89cf57233bfde0071976179e25861599 -> 
  custom:scripting/monoscript/fileName/MouseLook.cs: 1413bf4c672f5aacfd2b457b6378eea6 -> 
  custom:scripting/monoscript/fileName/UI_MainPanel.cs: 20f01cf0e1ef0e8d08e2053434358042 -> 
  custom:scripting/monoscript/fileName/FPSCounter.cs: 18dc6752cae0b5546ca4b2dc0c7741f5 -> 
  custom:scripting/monoscript/fileName/LerpControlledBob.cs: e3f8ea665fb8f4533c1004d43455b6e7 -> 
  custom:scripting/monoscript/fileName/ButtonHandler.cs: e27d3f4c7505c394dad450c78dd6faf1 -> 
  custom:video-encoder-webm-vp8: eb34c28f22e8b96e1ab97ce403110664 -> 
  custom:scripting/monoscript/fileName/CFX_LightIntensityFade.cs: cdc33b13e94fac5095d515fc63c5bc75 -> 
  custom:audio-decoder-ogg-vorbis: bf7c407c2cedff20999df2af8eb42d56 -> 
  custom:scripting/monoscript/fileName/AfterburnerPhysicsForce.cs: d44e6931e774df3223b064db5fc768f4 -> 
  custom:scripting/monoscript/fileName/AxisTouchButton.cs: 31be56f36d53422fd33aa4f9a14e630a -> 
  custom:scripting/monoscript/fileName/FollowTarget.cs: 93be4c02dc2bee8af48e06a6c7c2e042 -> 
  custom:scripting/monoscript/fileName/FireLight.cs: b74a4fa8a2202d735c0c1ea18b63e4e3 -> 
  custom:scripting/monoscript/fileName/FirstPersonController.cs: 4fa5841f7a7dfdfcf291c3718c4ae3a2 -> 
  custom:scripting/monoscript/fileName/Joystick.cs: b54db918c885c01940a25acda1acd280 -> 
  custom:scripting/monoscript/fileName/WFX_Demo.cs: 16a8c51f1dc0063656a39d0352fd910f -> 
  custom:scripting/monoscript/fileName/BallUserControl.cs: 9743cadab53965ad5e73baf18187d830 -> 
  custom:scripting/monoscript/fileName/CFX_Demo_Translate.cs: c85e572516e08f311291871f16fd4e55 -> 
  custom:audio-encoder-webm-vorbis: bf7c407c2cedff20999df2af8eb42d56 -> 
  custom:scripting/monoscript/fileName/PlatformSpecificContent.cs: 5abb8e8ef7a06ce1842fe9ff26eac2dd -> 
  custom:scripting/monoscript/fileName/CFX_AutoDestructShuriken.cs: 7d622660cad3b608810f352fdbc5d485 -> 
  custom:scripting/precompiled-assembly-types:Assembly-CSharp-Editor: b678d5ae41ab98268f94df61e8b9d4e9 -> 
  custom:scripting/monoscript/fileName/AutoMoveAndRotate.cs: ca0e96f72f32239308122375a052b980 -> 
  custom:scripting/precompiled-assembly-types:Assembly-CSharp: a0ee71d9e8d8919e400c329cadd4467a -> 
  custom:scripting/monoscript/fileName/Hose.cs: c8fd2412a0d6a1fdbc6b0e572bd14e28 -> 
  custom:scripting/monoscript/fileName/ObjectResetter.cs: 037abf2de53ab0026436c32f7a941658 -> 
  custom:scripting/monoscript/fileName/WFX_Demo_New.cs: 225d44912cd20a0c8b007d7146330c83 -> 
Editor requested this worker to shutdown with reason: Scaling down because of idle timeout
TcpMessagingSession - receive error: operation aborted. errorcode: 995, details: ?????????????,??? I/O ???
AssetImportWorker is now disconnected from the server
Process exiting
Exiting without the bug reporter. Application will terminate with return code 0